TN:
SF:src\index.ts
FNF:0
FNH:0
DA:1,1
DA:2,1
DA:3,1
DA:4,1
DA:5,1
DA:6,1
DA:7,1
DA:8,1
DA:9,1
DA:10,1
DA:11,1
DA:12,1
DA:13,1
DA:14,1
DA:15,1
DA:16,1
DA:17,1
DA:18,1
DA:19,1
DA:20,1
DA:21,1
DA:22,1
DA:23,1
DA:24,1
DA:25,1
DA:26,1
DA:27,1
DA:28,1
DA:29,1
DA:30,1
DA:31,1
DA:32,1
DA:33,1
DA:34,1
DA:35,1
DA:36,1
DA:37,1
DA:38,1
DA:39,1
DA:40,1
DA:41,1
DA:42,1
DA:43,1
DA:44,1
DA:45,1
DA:46,1
DA:47,1
DA:48,1
DA:49,1
DA:50,1
DA:51,1
DA:52,1
DA:53,1
DA:54,1
DA:55,1
DA:56,1
DA:57,1
DA:58,4
DA:59,4
DA:60,4
DA:61,4
DA:62,1
DA:63,1
DA:64,1
DA:65,1
DA:66,1
DA:67,1
DA:68,1
LF:68
LH:68
BRDA:65,0,0,0
BRDA:29,1,0,1
BRDA:57,2,0,4
BRF:3
BRH:2
end_of_record
TN:
SF:src\database\index.ts
FNF:0
FNH:0
DA:1,1
DA:2,1
DA:3,1
DA:4,1
DA:5,1
DA:6,1
DA:7,1
DA:8,1
DA:9,1
DA:10,1
DA:11,1
DA:12,1
DA:13,1
DA:14,1
DA:15,1
DA:16,0
DA:17,0
DA:18,0
DA:19,0
DA:20,0
DA:21,0
DA:22,1
DA:23,1
LF:23
LH:17
BRDA:13,0,0,0
BRDA:16,1,0,0
BRF:2
BRH:0
end_of_record
TN:
SF:src\database\schema.ts
FN:16,__vite_ssr_import_1__.sqliteTable.userId.__vite_ssr_import_1__.text.notNull.references.onDelete
FN:33,__vite_ssr_import_1__.sqliteTable.taskId.__vite_ssr_import_1__.text.notNull.references.onDelete
FN:47,__vite_ssr_import_1__.sqliteTable.taskId.__vite_ssr_import_1__.text.notNull.references.onDelete
FNF:3
FNH:0
FNDA:0,__vite_ssr_import_1__.sqliteTable.userId.__vite_ssr_import_1__.text.notNull.references.onDelete
FNDA:0,__vite_ssr_import_1__.sqliteTable.taskId.__vite_ssr_import_1__.text.notNull.references.onDelete
FNDA:0,__vite_ssr_import_1__.sqliteTable.taskId.__vite_ssr_import_1__.text.notNull.references.onDelete
DA:1,1
DA:2,1
DA:3,1
DA:4,1
DA:5,1
DA:6,1
DA:7,1
DA:8,1
DA:9,1
DA:10,1
DA:11,1
DA:12,1
DA:13,1
DA:14,1
DA:15,1
DA:16,1
DA:17,1
DA:18,1
DA:19,1
DA:20,1
DA:21,1
DA:22,1
DA:23,1
DA:24,1
DA:25,1
DA:26,1
DA:27,1
DA:28,1
DA:29,1
DA:30,1
DA:31,1
DA:32,1
DA:33,1
DA:34,1
DA:35,1
DA:36,1
DA:37,1
DA:38,1
DA:39,1
DA:40,1
DA:41,1
DA:42,1
DA:43,1
DA:44,1
DA:45,1
DA:46,1
DA:47,1
DA:48,1
DA:49,1
DA:50,1
LF:50
LH:50
BRF:0
BRH:0
end_of_record
TN:
SF:src\database\zodSchemas.ts
FNF:0
FNH:0
DA:1,1
DA:2,1
DA:3,1
DA:4,1
DA:5,1
DA:6,1
DA:7,1
DA:8,1
DA:9,1
DA:10,1
DA:11,1
DA:12,1
DA:13,1
DA:14,1
DA:15,1
DA:16,1
DA:17,1
DA:18,1
DA:19,1
DA:20,1
DA:21,1
DA:22,1
DA:23,1
DA:24,1
DA:25,1
DA:26,1
DA:27,1
DA:28,1
DA:29,1
DA:30,1
DA:31,1
DA:32,1
DA:33,1
DA:34,1
DA:35,1
DA:36,1
DA:37,1
DA:38,1
DA:39,1
DA:40,1
DA:41,1
DA:42,1
DA:43,1
DA:44,1
DA:45,1
DA:46,1
DA:47,1
DA:48,1
DA:49,1
DA:50,1
DA:51,1
DA:52,1
DA:53,1
DA:54,1
DA:55,1
DA:56,1
DA:57,1
DA:58,1
DA:59,1
DA:60,1
DA:61,1
DA:62,1
DA:63,1
DA:64,1
DA:65,1
DA:66,1
DA:67,1
DA:68,1
DA:69,1
DA:70,1
DA:71,1
DA:72,1
DA:73,1
DA:74,1
DA:75,1
DA:76,1
DA:77,1
DA:78,1
DA:79,1
DA:80,1
DA:81,1
DA:82,1
DA:83,1
DA:84,1
DA:85,1
DA:86,1
DA:87,1
DA:88,1
DA:89,1
DA:90,1
DA:91,1
DA:92,1
DA:93,1
DA:94,1
DA:95,1
LF:95
LH:95
BRF:0
BRH:0
end_of_record
TN:
SF:src\database\lib\hash.ts
FN:3,hashPassword
FN:9,comparePasswords
FNF:2
FNH:2
FNDA:25,hashPassword
FNDA:24,comparePasswords
DA:1,1
DA:2,1
DA:3,1
DA:4,25
DA:5,25
DA:6,25
DA:7,25
DA:8,1
DA:9,1
DA:10,24
DA:11,24
LF:11
LH:11
BRDA:3,0,0,25
BRDA:9,1,0,24
BRF:2
BRH:2
end_of_record
TN:
SF:src\database\lib\jwt.ts
FN:6,generateToken
FN:11,verifyToken
FNF:2
FNH:2
FNDA:49,generateToken
FNDA:153,verifyToken
DA:1,1
DA:2,1
DA:3,1
DA:4,1
DA:5,1
DA:6,1
DA:7,49
DA:8,49
DA:9,49
DA:10,1
DA:11,1
DA:12,153
DA:13,153
DA:14,153
DA:15,153
DA:16,8
DA:17,8
DA:18,153
LF:18
LH:18
BRDA:4,0,0,2
BRDA:6,1,0,49
BRDA:11,2,0,153
BRDA:15,3,0,8
BRF:4
BRH:4
end_of_record
TN:
SF:src\middleware\auth.ts
FN:16,authMiddleware
FN:76,getAuthenticatedUser
FNF:2
FNH:2
FNDA:7,authMiddleware
FNDA:2,getAuthenticatedUser
DA:1,1
DA:2,1
DA:3,1
DA:4,1
DA:5,1
DA:6,1
DA:7,1
DA:8,1
DA:9,1
DA:10,1
DA:11,1
DA:12,1
DA:13,1
DA:14,1
DA:15,1
DA:16,1
DA:17,7
DA:18,7
DA:19,7
DA:20,7
DA:21,1
DA:22,1
DA:23,1
DA:24,1
DA:25,6
DA:26,6
DA:27,6
DA:28,7
DA:29,0
DA:30,0
DA:31,0
DA:32,0
DA:33,6
DA:34,6
DA:35,6
DA:36,6
DA:37,7
DA:38,0
DA:39,0
DA:40,0
DA:41,0
DA:42,4
DA:43,4
DA:44,4
DA:45,4
DA:46,4
DA:47,4
DA:48,4
DA:49,4
DA:50,4
DA:51,4
DA:52,4
DA:53,4
DA:54,6
DA:55,3
DA:56,3
DA:57,3
DA:58,3
DA:59,1
DA:60,1
DA:61,1
DA:62,1
DA:63,1
DA:64,7
DA:65,6
DA:66,5
DA:67,5
DA:68,1
DA:69,1
DA:70,1
DA:71,1
DA:72,1
DA:73,7
DA:74,1
DA:75,1
DA:76,1
DA:77,2
DA:78,2
DA:79,1
DA:80,1
DA:81,1
DA:82,1
DA:83,1
DA:84,1
LF:84
LH:76
BRDA:16,0,0,7
BRDA:20,1,0,1
BRDA:24,2,0,6
BRDA:28,3,0,0
BRDA:32,4,0,6
BRDA:37,5,0,4
BRDA:37,6,0,0
BRDA:41,7,0,6
BRDA:41,8,0,4
BRDA:54,9,0,3
BRDA:58,10,0,1
BRDA:64,11,0,6
BRDA:65,12,0,5
BRDA:67,13,0,1
BRDA:76,14,0,2
BRDA:78,15,0,1
BRF:16
BRH:14
end_of_record
TN:
SF:src\routes\auth\auth.ts
FN:19,authenticateUser
FNF:1
FNH:1
FNDA:4,authenticateUser
DA:1,1
DA:2,1
DA:3,1
DA:4,1
DA:5,1
DA:6,1
DA:7,1
DA:8,1
DA:9,1
DA:10,1
DA:11,1
DA:12,1
DA:13,1
DA:14,1
DA:15,1
DA:16,1
DA:17,1
DA:18,1
DA:19,1
DA:20,4
DA:21,4
DA:22,4
DA:23,1
DA:24,1
DA:25,3
DA:26,3
DA:27,3
DA:28,4
DA:29,0
DA:30,0
DA:31,3
DA:32,3
DA:33,3
DA:34,4
DA:35,0
DA:36,0
DA:37,2
DA:38,2
DA:39,2
DA:40,2
DA:41,2
DA:42,2
DA:43,2
DA:44,2
DA:45,2
DA:46,2
DA:47,2
DA:48,4
DA:49,0
DA:50,0
DA:51,2
DA:52,2
DA:53,2
DA:54,1
DA:55,1
DA:56,1
DA:57,1
DA:58,1
DA:59,1
DA:60,1
DA:61,1
DA:62,1
DA:63,1
DA:64,1
DA:65,1
DA:66,1
DA:67,1
DA:68,1
DA:69,1
DA:70,1
DA:71,1
DA:72,1
DA:73,1
DA:74,1
DA:75,1
DA:76,1
DA:77,1
DA:78,1
DA:79,1
DA:80,1
DA:81,1
DA:82,1
DA:83,1
DA:84,1
DA:85,1
DA:86,1
DA:87,1
DA:88,1
DA:89,1
DA:90,1
DA:91,1
DA:92,1
DA:93,1
DA:94,1
DA:95,1
DA:96,1
DA:97,1
DA:98,1
DA:99,26
DA:100,26
DA:101,26
DA:102,26
DA:103,0
DA:104,0
DA:105,26
DA:106,26
DA:107,26
DA:108,26
DA:109,26
DA:110,26
DA:111,26
DA:112,26
DA:113,26
DA:114,1
DA:115,1
DA:116,1
DA:117,1
DA:118,1
DA:119,25
DA:120,25
DA:121,25
DA:122,25
DA:123,25
DA:124,25
DA:125,25
DA:126,25
DA:127,25
DA:128,25
DA:129,25
DA:130,25
DA:131,25
DA:132,25
DA:133,25
DA:134,25
DA:135,25
DA:136,25
DA:137,25
DA:138,25
DA:139,25
DA:140,25
DA:141,25
DA:142,25
DA:143,25
DA:144,26
DA:145,0
DA:146,0
DA:147,0
DA:148,0
DA:149,0
DA:150,0
DA:151,26
DA:152,1
DA:153,1
DA:154,1
DA:155,1
DA:156,1
DA:157,1
DA:158,1
DA:159,1
DA:160,1
DA:161,1
DA:162,1
DA:163,1
DA:164,1
DA:165,1
DA:166,1
DA:167,1
DA:168,1
DA:169,1
DA:170,1
DA:171,1
DA:172,1
DA:173,1
DA:174,1
DA:175,1
DA:176,1
DA:177,1
DA:178,1
DA:179,1
DA:180,1
DA:181,1
DA:182,1
DA:183,1
DA:184,1
DA:185,1
DA:186,1
DA:187,1
DA:188,1
DA:189,1
DA:190,1
DA:191,1
DA:192,1
DA:193,1
DA:194,1
DA:195,1
DA:196,1
DA:197,25
DA:198,25
DA:199,25
DA:200,25
DA:201,25
DA:202,25
DA:203,25
DA:204,25
DA:205,25
DA:206,25
DA:207,25
DA:208,1
DA:209,1
DA:210,1
DA:211,1
DA:212,1
DA:213,24
DA:214,24
DA:215,24
DA:216,24
DA:217,25
DA:218,2
DA:219,2
DA:220,2
DA:221,2
DA:222,2
DA:223,22
DA:224,22
DA:225,22
DA:226,22
DA:227,22
DA:228,22
DA:229,22
DA:230,22
DA:231,22
DA:232,22
DA:233,22
DA:234,22
DA:235,22
DA:236,22
DA:237,22
DA:238,25
DA:239,0
DA:240,0
DA:241,0
DA:242,0
DA:243,0
DA:244,0
DA:245,25
DA:246,1
DA:247,1
DA:248,1
DA:249,1
DA:250,1
DA:251,1
DA:252,1
DA:253,1
DA:254,1
DA:255,1
DA:256,1
DA:257,1
DA:258,1
DA:259,1
DA:260,1
DA:261,1
DA:262,1
DA:263,1
DA:264,1
DA:265,1
DA:266,1
DA:267,1
DA:268,1
DA:269,1
DA:270,1
DA:271,1
DA:272,1
DA:273,1
DA:274,1
DA:275,1
DA:276,1
DA:277,1
DA:278,1
DA:279,1
DA:280,1
DA:281,1
DA:282,1
DA:283,1
DA:284,1
DA:285,1
DA:286,1
DA:287,1
DA:288,1
DA:289,1
DA:290,1
DA:291,1
DA:292,1
DA:293,1
DA:294,4
DA:295,4
DA:296,2
DA:297,2
DA:298,2
DA:299,2
DA:300,2
DA:301,2
DA:302,2
DA:303,2
DA:304,2
DA:305,2
DA:306,2
DA:307,2
DA:308,0
DA:309,0
DA:310,0
DA:311,0
DA:312,0
DA:313,0
DA:314,4
DA:315,1
DA:316,1
DA:317,1
DA:318,1
DA:319,1
DA:320,1
DA:321,1
DA:322,1
DA:323,1
DA:324,1
DA:325,1
DA:326,1
DA:327,1
DA:328,1
DA:329,1
DA:330,1
DA:331,1
DA:332,1
DA:333,1
DA:334,1
DA:335,1
DA:336,1
DA:337,1
DA:338,1
DA:339,1
DA:340,1
DA:341,1
DA:342,1
DA:343,1
DA:344,1
DA:345,1
DA:346,1
DA:347,1
DA:348,1
DA:349,1
DA:350,1
DA:351,1
DA:352,1
DA:353,1
DA:354,1
DA:355,1
DA:356,1
DA:357,1
DA:358,1
DA:359,0
DA:360,0
DA:361,0
DA:362,0
DA:363,0
DA:364,0
DA:365,0
DA:366,0
DA:367,0
DA:368,0
DA:369,0
DA:370,0
DA:371,0
DA:372,0
DA:373,0
DA:374,0
DA:375,0
DA:376,0
DA:377,0
DA:378,0
DA:379,0
LF:379
LH:332
BRDA:19,0,0,4
BRDA:22,1,0,1
BRDA:24,2,0,3
BRDA:28,3,0,0
BRDA:30,4,0,3
BRDA:34,5,0,2
BRDA:34,6,0,0
BRDA:36,7,0,2
BRDA:48,8,0,0
BRDA:50,9,0,2
BRDA:98,10,0,26
BRDA:102,11,0,0
BRDA:113,12,0,25
BRDA:113,13,0,1
BRDA:144,14,0,0
BRDA:196,15,0,25
BRDA:207,16,0,1
BRDA:212,17,0,24
BRDA:217,18,0,22
BRDA:217,19,0,2
BRDA:238,20,0,0
BRDA:293,21,0,4
BRDA:295,22,0,2
BRDA:307,23,0,0
BRF:24
BRH:17
end_of_record
TN:
SF:src\routes\reminders\index.route.ts
FN:18,authenticateUser
FNF:1
FNH:1
FNDA:19,authenticateUser
DA:1,1
DA:2,1
DA:3,1
DA:4,1
DA:5,1
DA:6,1
DA:7,1
DA:8,1
DA:9,1
DA:10,1
DA:11,1
DA:12,1
DA:13,1
DA:14,1
DA:15,1
DA:16,1
DA:17,1
DA:18,1
DA:19,19
DA:20,19
DA:21,19
DA:22,1
DA:23,1
DA:24,18
DA:25,18
DA:26,18
DA:27,19
DA:28,0
DA:29,0
DA:30,18
DA:31,18
DA:32,18
DA:33,19
DA:34,0
DA:35,0
DA:36,17
DA:37,17
DA:38,17
DA:39,17
DA:40,17
DA:41,17
DA:42,17
DA:43,17
DA:44,17
DA:45,17
DA:46,5
DA:47,5
DA:48,0
DA:49,0
DA:50,5
DA:51,5
DA:52,5
DA:53,1
DA:54,1
DA:55,1
DA:56,1
DA:57,1
DA:58,1
DA:59,1
DA:60,1
DA:61,1
DA:62,1
DA:63,1
DA:64,1
DA:65,1
DA:66,1
DA:67,1
DA:68,1
DA:69,1
DA:70,1
DA:71,1
DA:72,1
DA:73,1
DA:74,1
DA:75,1
DA:76,1
DA:77,1
DA:78,1
DA:79,1
DA:80,1
DA:81,1
DA:82,9
DA:83,9
DA:84,1
DA:85,1
DA:86,1
DA:87,1
DA:88,1
DA:89,1
DA:90,1
DA:91,1
DA:92,1
DA:93,1
DA:94,1
DA:95,1
DA:96,0
DA:97,0
DA:98,0
DA:99,0
DA:100,0
DA:101,0
DA:102,0
DA:103,0
DA:104,9
DA:105,8
DA:106,2
DA:107,2
DA:108,6
DA:109,6
DA:110,9
DA:111,1
DA:112,1
DA:113,1
DA:114,1
DA:115,1
DA:116,1
DA:117,1
DA:118,1
DA:119,1
DA:120,1
DA:121,1
DA:122,1
DA:123,1
DA:124,1
DA:125,1
DA:126,1
DA:127,1
DA:128,1
DA:129,1
DA:130,1
DA:131,1
DA:132,1
DA:133,1
DA:134,1
DA:135,1
DA:136,1
DA:137,1
DA:138,1
DA:139,1
DA:140,1
DA:141,1
DA:142,1
DA:143,1
DA:144,1
DA:145,1
DA:146,1
DA:147,1
DA:148,1
DA:149,1
DA:150,1
DA:151,1
DA:152,1
DA:153,1
DA:154,1
DA:155,10
DA:156,10
DA:157,4
DA:158,4
DA:159,4
DA:160,4
DA:161,4
DA:162,4
DA:163,4
DA:164,4
DA:165,4
DA:166,4
DA:167,1
DA:168,1
DA:169,3
DA:170,3
DA:171,1
DA:172,1
DA:173,2
DA:174,2
DA:175,2
DA:176,2
DA:177,2
DA:178,2
DA:179,2
DA:180,2
DA:181,10
DA:182,6
DA:183,0
DA:184,0
DA:185,6
DA:186,6
DA:187,10
DA:188,1
DA:189,1
DA:190,1
LF:190
LH:174
BRDA:18,0,0,19
BRDA:21,1,0,18
BRDA:21,2,0,1
BRDA:27,3,0,0
BRDA:29,4,0,18
BRDA:33,5,0,17
BRDA:33,6,0,17
BRDA:33,7,0,0
BRDA:45,8,0,5
BRDA:47,9,0,0
BRDA:81,10,0,9
BRDA:83,11,0,1
BRDA:95,12,0,0
BRDA:104,13,0,8
BRDA:105,14,0,2
BRDA:107,15,0,6
BRDA:154,16,0,10
BRDA:156,17,0,4
BRDA:166,18,0,3
BRDA:166,19,0,1
BRDA:170,20,0,1
BRDA:172,21,0,2
BRDA:181,22,0,6
BRDA:182,23,0,0
BRF:24
BRH:19
end_of_record
TN:
SF:src\routes\reminders\reminder\index.route.ts
FN:20,authenticateUser
FN:57,checkReminderOwnership
FNF:2
FNH:2
FNDA:25,authenticateUser
FNDA:5,checkReminderOwnership
DA:1,1
DA:2,1
DA:3,1
DA:4,1
DA:5,1
DA:6,1
DA:7,1
DA:8,1
DA:9,1
DA:10,1
DA:11,1
DA:12,1
DA:13,1
DA:14,1
DA:15,1
DA:16,1
DA:17,1
DA:18,1
DA:19,1
DA:20,1
DA:21,25
DA:22,25
DA:23,25
DA:24,1
DA:25,1
DA:26,24
DA:27,24
DA:28,24
DA:29,25
DA:30,0
DA:31,0
DA:32,24
DA:33,24
DA:34,24
DA:35,25
DA:36,0
DA:37,0
DA:38,23
DA:39,23
DA:40,23
DA:41,23
DA:42,23
DA:43,23
DA:44,23
DA:45,23
DA:46,23
DA:47,23
DA:48,5
DA:49,25
DA:50,0
DA:51,0
DA:52,5
DA:53,5
DA:54,5
DA:55,1
DA:56,1
DA:57,1
DA:58,5
DA:59,5
DA:60,5
DA:61,5
DA:62,5
DA:63,5
DA:64,5
DA:65,5
DA:66,5
DA:67,1
DA:68,1
DA:69,1
DA:70,1
DA:71,1
DA:72,1
DA:73,1
DA:74,1
DA:75,1
DA:76,1
DA:77,1
DA:78,1
DA:79,1
DA:80,1
DA:81,1
DA:82,1
DA:83,1
DA:84,1
DA:85,1
DA:86,1
DA:87,1
DA:88,1
DA:89,1
DA:90,1
DA:91,1
DA:92,1
DA:93,1
DA:94,1
DA:95,1
DA:96,1
DA:97,1
DA:98,1
DA:99,1
DA:100,1
DA:101,1
DA:102,1
DA:103,1
DA:104,1
DA:105,11
DA:106,11
DA:107,3
DA:108,3
DA:109,3
DA:110,3
DA:111,3
DA:112,3
DA:113,3
DA:114,0
DA:115,0
DA:116,0
DA:117,0
DA:118,0
DA:119,0
DA:120,0
DA:121,0
DA:122,9
DA:123,8
DA:124,2
DA:125,2
DA:126,6
DA:127,6
DA:128,11
DA:129,1
DA:130,1
DA:131,1
DA:132,1
DA:133,1
DA:134,1
DA:135,1
DA:136,1
DA:137,1
DA:138,1
DA:139,1
DA:140,1
DA:141,1
DA:142,1
DA:143,1
DA:144,1
DA:145,1
DA:146,1
DA:147,1
DA:148,1
DA:149,1
DA:150,1
DA:151,1
DA:152,1
DA:153,1
DA:154,1
DA:155,1
DA:156,1
DA:157,1
DA:158,1
DA:159,1
DA:160,1
DA:161,1
DA:162,1
DA:163,1
DA:164,1
DA:165,1
DA:166,1
DA:167,1
DA:168,1
DA:169,1
DA:170,1
DA:171,1
DA:172,1
DA:173,1
DA:174,6
DA:175,6
DA:176,0
DA:177,0
DA:178,0
DA:179,0
DA:180,0
DA:181,0
DA:182,0
DA:183,0
DA:184,0
DA:185,0
DA:186,0
DA:187,0
DA:188,0
DA:189,0
DA:190,0
DA:191,0
DA:192,0
DA:193,0
DA:194,0
DA:195,0
DA:196,6
DA:197,6
DA:198,0
DA:199,0
DA:200,6
DA:201,6
DA:202,6
DA:203,1
DA:204,1
DA:205,1
DA:206,1
DA:207,1
DA:208,1
DA:209,1
DA:210,1
DA:211,1
DA:212,1
DA:213,1
DA:214,1
DA:215,1
DA:216,1
DA:217,1
DA:218,1
DA:219,1
DA:220,1
DA:221,1
DA:222,1
DA:223,1
DA:224,1
DA:225,1
DA:226,1
DA:227,1
DA:228,1
DA:229,1
DA:230,1
DA:231,1
DA:232,1
DA:233,1
DA:234,1
DA:235,1
DA:236,1
DA:237,1
DA:238,1
DA:239,1
DA:240,1
DA:241,8
DA:242,8
DA:243,2
DA:244,2
DA:245,2
DA:246,2
DA:247,2
DA:248,1
DA:249,1
DA:250,1
DA:251,1
DA:252,1
DA:253,1
DA:254,0
DA:255,0
DA:256,1
DA:257,1
DA:258,8
DA:259,6
DA:260,0
DA:261,0
DA:262,6
DA:263,6
DA:264,8
LF:264
LH:224
BRDA:20,0,0,25
BRDA:23,1,0,1
BRDA:25,2,0,24
BRDA:29,3,0,0
BRDA:31,4,0,24
BRDA:35,5,0,23
BRDA:35,6,0,0
BRDA:37,7,0,23
BRDA:47,8,0,5
BRDA:49,9,0,7
BRDA:49,10,0,0
BRDA:51,11,0,5
BRDA:57,12,0,5
BRDA:65,13,0,1
BRDA:104,14,0,11
BRDA:106,15,0,9
BRDA:106,16,0,3
BRDA:113,17,0,0
BRDA:122,18,0,8
BRDA:123,19,0,2
BRDA:125,20,0,6
BRDA:173,21,0,6
BRDA:175,22,0,0
BRDA:197,23,0,0
BRDA:240,24,0,8
BRDA:242,25,0,2
BRDA:247,26,0,1
BRDA:253,27,0,0
BRDA:258,28,0,6
BRDA:259,29,0,0
BRF:30
BRH:22
end_of_record
TN:
SF:src\routes\subtasks\index.route.ts
FN:18,authenticateUser
FNF:1
FNH:1
FNDA:22,authenticateUser
DA:1,1
DA:2,1
DA:3,1
DA:4,1
DA:5,1
DA:6,1
DA:7,1
DA:8,1
DA:9,1
DA:10,1
DA:11,1
DA:12,1
DA:13,1
DA:14,1
DA:15,1
DA:16,1
DA:17,1
DA:18,1
DA:19,22
DA:20,22
DA:21,22
DA:22,2
DA:23,2
DA:24,20
DA:25,20
DA:26,20
DA:27,22
DA:28,0
DA:29,0
DA:30,20
DA:31,20
DA:32,20
DA:33,22
DA:34,0
DA:35,0
DA:36,19
DA:37,19
DA:38,19
DA:39,19
DA:40,19
DA:41,19
DA:42,19
DA:43,19
DA:44,19
DA:45,19
DA:46,7
DA:47,22
DA:48,0
DA:49,0
DA:50,7
DA:51,7
DA:52,7
DA:53,1
DA:54,1
DA:55,1
DA:56,1
DA:57,1
DA:58,1
DA:59,1
DA:60,1
DA:61,1
DA:62,1
DA:63,1
DA:64,1
DA:65,1
DA:66,1
DA:67,1
DA:68,1
DA:69,1
DA:70,1
DA:71,1
DA:72,1
DA:73,1
DA:74,1
DA:75,1
DA:76,1
DA:77,1
DA:78,1
DA:79,1
DA:80,1
DA:81,1
DA:82,10
DA:83,10
DA:84,2
DA:85,2
DA:86,2
DA:87,2
DA:88,2
DA:89,2
DA:90,2
DA:91,2
DA:92,2
DA:93,2
DA:94,1
DA:95,1
DA:96,1
DA:97,1
DA:98,1
DA:99,1
DA:100,1
DA:101,1
DA:102,1
DA:103,1
DA:104,10
DA:105,8
DA:106,2
DA:107,2
DA:108,6
DA:109,6
DA:110,10
DA:111,1
DA:112,1
DA:113,1
DA:114,1
DA:115,1
DA:116,1
DA:117,1
DA:118,1
DA:119,1
DA:120,1
DA:121,1
DA:122,1
DA:123,1
DA:124,1
DA:125,1
DA:126,1
DA:127,1
DA:128,1
DA:129,1
DA:130,1
DA:131,1
DA:132,1
DA:133,1
DA:134,1
DA:135,1
DA:136,1
DA:137,1
DA:138,1
DA:139,1
DA:140,1
DA:141,1
DA:142,1
DA:143,1
DA:144,1
DA:145,1
DA:146,1
DA:147,1
DA:148,1
DA:149,1
DA:150,1
DA:151,1
DA:152,1
DA:153,1
DA:154,1
DA:155,12
DA:156,12
DA:157,5
DA:158,5
DA:159,5
DA:160,5
DA:161,5
DA:162,5
DA:163,5
DA:164,5
DA:165,5
DA:166,6
DA:167,1
DA:168,1
DA:169,4
DA:170,6
DA:171,1
DA:172,1
DA:173,3
DA:174,3
DA:175,3
DA:176,3
DA:177,3
DA:178,3
DA:179,3
DA:180,3
DA:181,3
DA:182,12
DA:183,7
DA:184,1
DA:185,1
DA:186,6
DA:187,6
DA:188,12
DA:189,1
DA:190,1
DA:191,1
LF:191
LH:185
BRDA:18,0,0,22
BRDA:21,1,0,2
BRDA:23,2,0,20
BRDA:27,3,0,0
BRDA:29,4,0,20
BRDA:33,5,0,19
BRDA:33,6,0,0
BRDA:35,7,0,19
BRDA:45,8,0,7
BRDA:47,9,0,10
BRDA:47,10,0,0
BRDA:49,11,0,7
BRDA:81,12,0,10
BRDA:83,13,0,4
BRDA:83,14,0,2
BRDA:93,15,0,1
BRDA:95,16,0,1
BRDA:104,17,0,8
BRDA:105,18,0,2
BRDA:107,19,0,6
BRDA:91,20,0,1
BRDA:154,21,0,12
BRDA:156,22,0,6
BRDA:156,23,0,5
BRDA:166,24,0,1
BRDA:168,25,0,4
BRDA:170,26,0,3
BRDA:170,27,0,1
BRDA:182,28,0,7
BRDA:183,29,0,1
BRDA:185,30,0,6
BRF:31
BRH:28
end_of_record
TN:
SF:src\routes\subtasks\subtask\index.route.ts
FN:21,authenticateUser
FN:58,checkSubtaskOwnership
FNF:2
FNH:2
FNDA:25,authenticateUser
FNDA:5,checkSubtaskOwnership
DA:1,1
DA:2,1
DA:3,1
DA:4,1
DA:5,1
DA:6,1
DA:7,1
DA:8,1
DA:9,1
DA:10,1
DA:11,1
DA:12,1
DA:13,1
DA:14,1
DA:15,1
DA:16,1
DA:17,1
DA:18,1
DA:19,1
DA:20,1
DA:21,1
DA:22,25
DA:23,25
DA:24,25
DA:25,1
DA:26,1
DA:27,24
DA:28,24
DA:29,24
DA:30,25
DA:31,0
DA:32,0
DA:33,24
DA:34,24
DA:35,24
DA:36,25
DA:37,0
DA:38,0
DA:39,23
DA:40,23
DA:41,23
DA:42,23
DA:43,23
DA:44,23
DA:45,23
DA:46,23
DA:47,23
DA:48,23
DA:49,5
DA:50,25
DA:51,0
DA:52,0
DA:53,5
DA:54,5
DA:55,5
DA:56,1
DA:57,1
DA:58,1
DA:59,5
DA:60,5
DA:61,5
DA:62,5
DA:63,5
DA:64,5
DA:65,5
DA:66,5
DA:67,5
DA:68,1
DA:69,1
DA:70,1
DA:71,1
DA:72,1
DA:73,1
DA:74,1
DA:75,1
DA:76,1
DA:77,1
DA:78,1
DA:79,1
DA:80,1
DA:81,1
DA:82,1
DA:83,1
DA:84,1
DA:85,1
DA:86,1
DA:87,1
DA:88,1
DA:89,1
DA:90,1
DA:91,1
DA:92,1
DA:93,1
DA:94,1
DA:95,1
DA:96,1
DA:97,1
DA:98,1
DA:99,1
DA:100,1
DA:101,1
DA:102,1
DA:103,1
DA:104,1
DA:105,1
DA:106,11
DA:107,11
DA:108,3
DA:109,3
DA:110,3
DA:111,3
DA:112,3
DA:113,3
DA:114,3
DA:115,0
DA:116,0
DA:117,0
DA:118,0
DA:119,0
DA:120,0
DA:121,0
DA:122,0
DA:123,11
DA:124,8
DA:125,2
DA:126,2
DA:127,6
DA:128,6
DA:129,11
DA:130,1
DA:131,1
DA:132,1
DA:133,1
DA:134,1
DA:135,1
DA:136,1
DA:137,1
DA:138,1
DA:139,1
DA:140,1
DA:141,1
DA:142,1
DA:143,1
DA:144,1
DA:145,1
DA:146,1
DA:147,1
DA:148,1
DA:149,1
DA:150,1
DA:151,1
DA:152,1
DA:153,1
DA:154,1
DA:155,1
DA:156,1
DA:157,1
DA:158,1
DA:159,1
DA:160,1
DA:161,1
DA:162,1
DA:163,1
DA:164,1
DA:165,1
DA:166,1
DA:167,1
DA:168,1
DA:169,1
DA:170,1
DA:171,1
DA:172,1
DA:173,1
DA:174,1
DA:175,7
DA:176,7
DA:177,1
DA:178,1
DA:179,1
DA:180,1
DA:181,1
DA:182,1
DA:183,1
DA:184,1
DA:185,0
DA:186,0
DA:187,0
DA:188,0
DA:189,0
DA:190,0
DA:191,0
DA:192,0
DA:193,0
DA:194,0
DA:195,0
DA:196,0
DA:197,0
DA:198,0
DA:199,0
DA:200,0
DA:201,0
DA:202,7
DA:203,6
DA:204,0
DA:205,0
DA:206,6
DA:207,6
DA:208,7
DA:209,1
DA:210,1
DA:211,1
DA:212,1
DA:213,1
DA:214,1
DA:215,1
DA:216,1
DA:217,1
DA:218,1
DA:219,1
DA:220,1
DA:221,1
DA:222,1
DA:223,1
DA:224,1
DA:225,1
DA:226,1
DA:227,1
DA:228,1
DA:229,1
DA:230,1
DA:231,1
DA:232,1
DA:233,1
DA:234,1
DA:235,1
DA:236,1
DA:237,1
DA:238,1
DA:239,1
DA:240,1
DA:241,1
DA:242,1
DA:243,1
DA:244,1
DA:245,1
DA:246,1
DA:247,7
DA:248,7
DA:249,1
DA:250,1
DA:251,1
DA:252,1
DA:253,1
DA:254,1
DA:255,1
DA:256,0
DA:257,0
DA:258,0
DA:259,0
DA:260,0
DA:261,0
DA:262,0
DA:263,0
DA:264,7
DA:265,6
DA:266,0
DA:267,0
DA:268,6
DA:269,6
DA:270,7
LF:270
LH:227
BRDA:21,0,0,25
BRDA:24,1,0,1
BRDA:26,2,0,24
BRDA:30,3,0,0
BRDA:32,4,0,24
BRDA:36,5,0,23
BRDA:36,6,0,0
BRDA:38,7,0,23
BRDA:48,8,0,5
BRDA:50,9,0,7
BRDA:50,10,0,0
BRDA:52,11,0,5
BRDA:58,12,0,5
BRDA:66,13,0,1
BRDA:105,14,0,11
BRDA:107,15,0,5
BRDA:107,16,0,3
BRDA:114,17,0,0
BRDA:123,18,0,8
BRDA:124,19,0,2
BRDA:126,20,0,6
BRDA:174,21,0,7
BRDA:176,22,0,1
BRDA:184,23,0,0
BRDA:202,24,0,6
BRDA:203,25,0,0
BRDA:246,26,0,7
BRDA:248,27,0,1
BRDA:255,28,0,0
BRDA:264,29,0,6
BRDA:265,30,0,0
BRF:31
BRH:23
end_of_record
TN:
SF:src\routes\tasks\index.route.ts
FN:19,authenticateUser
FNF:1
FNH:1
FNDA:31,authenticateUser
DA:1,1
DA:2,1
DA:3,1
DA:4,1
DA:5,1
DA:6,1
DA:7,1
DA:8,1
DA:9,1
DA:10,1
DA:11,1
DA:12,1
DA:13,1
DA:14,1
DA:15,1
DA:16,1
DA:17,1
DA:18,1
DA:19,1
DA:20,31
DA:21,31
DA:22,31
DA:23,3
DA:24,3
DA:25,28
DA:26,28
DA:27,28
DA:28,30
DA:29,0
DA:30,0
DA:31,28
DA:32,28
DA:33,28
DA:34,31
DA:35,0
DA:36,0
DA:37,26
DA:38,26
DA:39,26
DA:40,26
DA:41,26
DA:42,26
DA:43,26
DA:44,26
DA:45,26
DA:46,26
DA:47,14
DA:48,30
DA:49,0
DA:50,0
DA:51,14
DA:52,14
DA:53,14
DA:54,1
DA:55,1
DA:56,1
DA:57,1
DA:58,1
DA:59,1
DA:60,1
DA:61,1
DA:62,1
DA:63,1
DA:64,1
DA:65,1
DA:66,1
DA:67,1
DA:68,1
DA:69,1
DA:70,1
DA:71,1
DA:72,1
DA:73,1
DA:74,1
DA:75,1
DA:76,1
DA:77,1
DA:78,1
DA:79,1
DA:80,1
DA:81,1
DA:82,1
DA:83,1
DA:84,1
DA:85,1
DA:86,1
DA:87,1
DA:88,1
DA:89,13
DA:90,13
DA:91,3
DA:92,3
DA:93,10
DA:94,10
DA:95,4
DA:96,4
DA:97,6
DA:98,6
DA:99,13
DA:100,1
DA:101,1
DA:102,1
DA:103,1
DA:104,1
DA:105,1
DA:106,1
DA:107,1
DA:108,1
DA:109,1
DA:110,1
DA:111,1
DA:112,1
DA:113,1
DA:114,1
DA:115,1
DA:116,1
DA:117,1
DA:118,1
DA:119,1
DA:120,1
DA:121,1
DA:122,1
DA:123,1
DA:124,1
DA:125,1
DA:126,1
DA:127,1
DA:128,1
DA:129,1
DA:130,1
DA:131,1
DA:132,1
DA:133,1
DA:134,1
DA:135,1
DA:136,1
DA:137,1
DA:138,1
DA:139,1
DA:140,1
DA:141,1
DA:142,1
DA:143,1
DA:144,18
DA:145,18
DA:146,11
DA:147,11
DA:148,11
DA:149,11
DA:150,11
DA:151,11
DA:152,11
DA:153,11
DA:154,11
DA:155,11
DA:156,11
DA:157,17
DA:158,7
DA:159,1
DA:160,1
DA:161,6
DA:162,6
DA:163,18
DA:164,1
DA:165,1
DA:166,1
LF:166
LH:160
BRDA:19,0,0,31
BRDA:22,1,0,3
BRDA:24,2,0,30
BRDA:24,3,0,28
BRDA:28,4,0,0
BRDA:30,5,0,28
BRDA:34,6,0,26
BRDA:34,7,0,30
BRDA:34,8,0,0
BRDA:36,9,0,26
BRDA:46,10,0,14
BRDA:48,11,0,18
BRDA:48,12,0,0
BRDA:50,13,0,14
BRDA:88,14,0,13
BRDA:90,15,0,10
BRDA:90,16,0,3
BRDA:94,17,0,4
BRDA:96,18,0,6
BRDA:143,19,0,18
BRDA:145,20,0,17
BRDA:145,21,0,11
BRDA:157,22,0,7
BRDA:158,23,0,1
BRDA:160,24,0,6
BRF:25
BRH:22
end_of_record
TN:
SF:src\routes\tasks\task\index.route.ts
FN:22,authenticateUser
FNF:1
FNH:1
FNDA:32,authenticateUser
DA:1,1
DA:2,1
DA:3,1
DA:4,1
DA:5,1
DA:6,1
DA:7,1
DA:8,1
DA:9,1
DA:10,1
DA:11,1
DA:12,1
DA:13,1
DA:14,1
DA:15,1
DA:16,1
DA:17,1
DA:18,1
DA:19,1
DA:20,1
DA:21,1
DA:22,1
DA:23,32
DA:24,32
DA:25,32
DA:26,0
DA:27,0
DA:28,32
DA:29,32
DA:30,32
DA:31,32
DA:32,0
DA:33,0
DA:34,32
DA:35,32
DA:36,32
DA:37,32
DA:38,0
DA:39,0
DA:40,32
DA:41,32
DA:42,32
DA:43,32
DA:44,32
DA:45,32
DA:46,32
DA:47,32
DA:48,32
DA:49,32
DA:50,8
DA:51,8
DA:52,0
DA:53,0
DA:54,8
DA:55,8
DA:56,8
DA:57,1
DA:58,1
DA:59,1
DA:60,1
DA:61,1
DA:62,1
DA:63,1
DA:64,1
DA:65,1
DA:66,1
DA:67,1
DA:68,1
DA:69,1
DA:70,1
DA:71,1
DA:72,1
DA:73,1
DA:74,1
DA:75,1
DA:76,1
DA:77,1
DA:78,1
DA:79,1
DA:80,1
DA:81,1
DA:82,1
DA:83,1
DA:84,1
DA:85,1
DA:86,1
DA:87,1
DA:88,1
DA:89,1
DA:90,1
DA:91,1
DA:92,1
DA:93,1
DA:94,1
DA:95,8
DA:96,8
DA:97,2
DA:98,2
DA:99,2
DA:100,2
DA:101,2
DA:102,2
DA:103,2
DA:104,2
DA:105,2
DA:106,2
DA:107,2
DA:108,0
DA:109,0
DA:110,8
DA:111,6
DA:112,0
DA:113,0
DA:114,6
DA:115,6
DA:116,8
DA:117,1
DA:118,1
DA:119,1
DA:120,1
DA:121,1
DA:122,1
DA:123,1
DA:124,1
DA:125,1
DA:126,1
DA:127,1
DA:128,1
DA:129,1
DA:130,1
DA:131,1
DA:132,1
DA:133,1
DA:134,1
DA:135,1
DA:136,1
DA:137,1
DA:138,1
DA:139,1
DA:140,1
DA:141,1
DA:142,1
DA:143,1
DA:144,1
DA:145,1
DA:146,1
DA:147,1
DA:148,1
DA:149,1
DA:150,1
DA:151,1
DA:152,1
DA:153,1
DA:154,1
DA:155,1
DA:156,1
DA:157,1
DA:158,1
DA:159,1
DA:160,1
DA:161,1
DA:162,8
DA:163,8
DA:164,2
DA:165,2
DA:166,2
DA:167,2
DA:168,2
DA:169,2
DA:170,2
DA:171,2
DA:172,2
DA:173,2
DA:174,2
DA:175,1
DA:176,1
DA:177,1
DA:178,1
DA:179,1
DA:180,1
DA:181,1
DA:182,1
DA:183,1
DA:184,1
DA:185,1
DA:186,1
DA:187,1
DA:188,1
DA:189,1
DA:190,8
DA:191,6
DA:192,0
DA:193,0
DA:194,6
DA:195,6
DA:196,8
DA:197,1
DA:198,1
DA:199,1
DA:200,1
DA:201,1
DA:202,1
DA:203,1
DA:204,1
DA:205,1
DA:206,1
DA:207,1
DA:208,1
DA:209,1
DA:210,1
DA:211,1
DA:212,1
DA:213,1
DA:214,1
DA:215,1
DA:216,1
DA:217,1
DA:218,1
DA:219,1
DA:220,1
DA:221,1
DA:222,1
DA:223,1
DA:224,1
DA:225,1
DA:226,1
DA:227,1
DA:228,1
DA:229,1
DA:230,1
DA:231,1
DA:232,1
DA:233,1
DA:234,1
DA:235,9
DA:236,9
DA:237,3
DA:238,3
DA:239,3
DA:240,3
DA:241,3
DA:242,3
DA:243,3
DA:244,3
DA:245,3
DA:246,3
DA:247,1
DA:248,1
DA:249,2
DA:250,2
DA:251,2
DA:252,9
DA:253,6
DA:254,0
DA:255,0
DA:256,6
DA:257,6
DA:258,9
DA:259,1
DA:260,1
DA:261,1
DA:262,1
DA:263,1
DA:264,1
DA:265,1
DA:266,1
DA:267,1
DA:268,1
DA:269,1
DA:270,1
DA:271,1
DA:272,1
DA:273,1
DA:274,1
DA:275,1
DA:276,1
DA:277,1
DA:278,1
DA:279,1
DA:280,1
DA:281,1
DA:282,1
DA:283,1
DA:284,1
DA:285,1
DA:286,1
DA:287,1
DA:288,1
DA:289,1
DA:290,1
DA:291,1
DA:292,1
DA:293,1
DA:294,1
DA:295,1
DA:296,1
DA:297,7
DA:298,7
DA:299,1
DA:300,1
DA:301,1
DA:302,1
DA:303,1
DA:304,1
DA:305,1
DA:306,1
DA:307,1
DA:308,1
DA:309,1
DA:310,1
DA:311,0
DA:312,0
DA:313,0
DA:314,7
DA:315,6
DA:316,0
DA:317,0
DA:318,6
DA:319,6
DA:320,7
LF:320
LH:299
BRDA:22,0,0,32
BRDA:25,1,0,0
BRDA:31,2,0,0
BRDA:37,3,0,0
BRDA:49,4,0,8
BRDA:51,5,0,0
BRDA:94,6,0,8
BRDA:96,7,0,2
BRDA:107,8,0,0
BRDA:110,9,0,6
BRDA:111,10,0,0
BRDA:161,11,0,8
BRDA:163,12,0,2
BRDA:174,13,0,1
BRDA:190,14,0,6
BRDA:191,15,0,0
BRDA:234,16,0,9
BRDA:236,17,0,3
BRDA:246,18,0,2
BRDA:246,19,0,1
BRDA:252,20,0,6
BRDA:253,21,0,0
BRDA:296,22,0,7
BRDA:298,23,0,1
BRDA:310,24,0,0
BRDA:314,25,0,6
BRDA:315,26,0,0
BRF:27
BRH:17
end_of_record
